{
  "Cucumber Features": {
    "coverage": {
      "/mnt/c/Users/max/My Drive/Courses/Software Engineering/Project/CGTD/features/step_definitions/feature_steps.rb": {
        "lines": [
          null,
          null,
          null,
          1,
          null,
          6,
          11,
          null,
          null,
          null,
          1,
          7,
          null,
          null,
          null,
          1,
          5,
          null,
          null,
          1,
          1,
          null,
          null,
          1,
          1,
          null,
          null,
          null,
          1,
          4,
          4,
          4,
          null,
          null,
          1,
          3,
          null,
          null,
          1,
          null,
          2,
          4,
          null,
          null,
          null,
          1,
          1,
          1,
          null,
          null,
          null,
          null,
          1,
          26,
          null,
          null,
          1,
          4,
          null,
          null,
          1,
          1,
          null,
          null,
          1,
          1,
          null,
          null,
          1,
          4,
          2,
          null,
          null,
          1,
          3,
          2,
          null,
          null,
          1,
          0,
          0,
          null,
          0,
          0,
          0,
          null,
          null,
          null,
          0,
          0,
          null
        ]
      },
      "/mnt/c/Users/max/My Drive/Courses/Software Engineering/Project/CGTD/app/models/todo_entry.rb": {
        "lines": [
          null,
          null,
          1,
          null,
          null,
          null,
          null,
          null,
          null,
          null,
          1,
          13,
          null,
          13,
          13,
          12,
          null,
          12,
          null,
          null
        ]
      },
      "/mnt/c/Users/max/My Drive/Courses/Software Engineering/Project/CGTD/app/models/application_record.rb": {
        "lines": [
          null,
          null,
          1,
          1,
          null
        ]
      },
      "/mnt/c/Users/max/My Drive/Courses/Software Engineering/Project/CGTD/app/controllers/todo_entries_controller.rb": {
        "lines": [
          null,
          null,
          1,
          null,
          1,
          13,
          13,
          null,
          null,
          1,
          1,
          null,
          null,
          1,
          0,
          0,
          null,
          null,
          1,
          1,
          null,
          null,
          1,
          1,
          1,
          1,
          1,
          1,
          null,
          null,
          1,
          1,
          1,
          1,
          1,
          1,
          null,
          null,
          1,
          1,
          1,
          1,
          1,
          null,
          null,
          1,
          1,
          1,
          1,
          1,
          1,
          null,
          0,
          0,
          null,
          null,
          null,
          1,
          1,
          1,
          1,
          1,
          null,
          null,
          1,
          null,
          1,
          2,
          null,
          null
        ]
      },
      "/mnt/c/Users/max/My Drive/Courses/Software Engineering/Project/CGTD/app/controllers/application_controller.rb": {
        "lines": [
          null,
          null,
          1,
          null,
          null,
          null,
          null,
          null,
          null,
          null
        ]
      },
      "/mnt/c/Users/max/My Drive/Courses/Software Engineering/Project/CGTD/app/helpers/application_helper.rb": {
        "lines": [
          null,
          null,
          1,
          null
        ]
      },
      "/mnt/c/Users/max/My Drive/Courses/Software Engineering/Project/CGTD/app/helpers/todo_entries_helper.rb": {
        "lines": [
          null,
          null,
          1,
          1,
          18,
          null,
          null,
          18,
          18,
          null,
          null
        ]
      }
    },
    "timestamp": 1666876497
  },
  "RSpec": {
    "coverage": {
      "/Users/zhaoyangliu/Desktop/4-1/Software Engineering/CGTD/app/helpers/application_helper.rb": {
        "lines": [
          null,
          null,
          1,
          null
        ]
      },
      "/Users/zhaoyangliu/Desktop/4-1/Software Engineering/CGTD/app/helpers/todo_entries_helper.rb": {
        "lines": [
          null,
          null,
          1,
          1,
          6,
          null,
          null,
          6,
          4,
          null,
          null
        ]
      },
      "/Users/zhaoyangliu/Desktop/4-1/Software Engineering/CGTD/app/models/todo_entry.rb": {
        "lines": [
          null,
          null,
          1,
          null,
          null,
          null,
          null,
          null,
          null,
          null,
          1,
          6,
          null,
          6,
          5,
          4,
          null,
          3,
          null,
          null
        ]
      },
      "/Users/zhaoyangliu/Desktop/4-1/Software Engineering/CGTD/app/models/application_record.rb": {
        "lines": [
          null,
          null,
          1,
          1,
          null
        ]
      }
    },
    "timestamp": 1666740004
  }
}
