{
  "Cucumber Features": {
    "coverage": {
      "/mnt/c/Users/max/My Drive/Courses/Software Engineering/Project/CGTD/app/models/user.rb": {
        "lines": [
          null,
          null,
          1,
          1,
          null,
          null,
          1,
          null,
          null,
          1,
          0,
          0,
          0,
          0,
          0,
          null,
          0,
          null,
          null,
          null,
          null,
          null
        ]
      },
      "/mnt/c/Users/max/My Drive/Courses/Software Engineering/Project/CGTD/app/models/application_record.rb": {
        "lines": [
          null,
          null,
          1,
          1,
          null
        ]
      },
      "/mnt/c/Users/max/My Drive/Courses/Software Engineering/Project/CGTD/features/step_definitions/feature_steps.rb": {
        "lines": [
          null,
          null,
          null,
          1,
          null,
          28,
          52,
          null,
          null,
          null,
          1,
          null,
          31,
          36,
          36,
          null,
          null,
          null,
          1,
          null,
          31,
          52,
          52,
          52,
          null,
          null,
          null,
          1,
          7,
          null,
          null,
          1,
          26,
          26,
          26,
          26,
          null,
          null,
          null,
          1,
          63,
          null,
          null,
          1,
          4,
          null,
          null,
          null,
          1,
          3,
          null,
          null,
          null,
          1,
          1,
          null,
          null,
          null,
          1,
          4,
          4,
          null,
          null,
          1,
          4,
          null,
          null,
          1,
          1,
          null,
          null,
          1,
          3,
          null,
          null,
          1,
          2,
          null,
          null,
          null,
          null,
          1,
          6,
          6,
          6,
          6,
          null,
          null,
          1,
          2,
          2,
          2,
          2,
          2,
          2,
          null,
          null,
          1,
          9,
          9,
          9,
          null,
          null,
          1,
          2,
          2,
          2,
          null,
          null,
          1,
          47,
          null,
          null,
          1,
          null,
          12,
          17,
          null,
          null,
          null,
          1,
          6,
          null,
          null,
          null,
          1,
          43,
          null,
          null,
          1,
          6,
          null,
          null,
          1,
          2,
          null,
          null,
          1,
          1,
          null,
          null,
          1,
          35,
          17,
          null,
          null,
          1,
          26,
          15,
          null,
          null,
          1,
          12,
          12,
          null,
          12,
          36,
          36,
          null,
          null,
          null,
          12,
          12,
          null,
          null,
          1,
          9,
          null,
          null,
          1,
          64,
          64,
          null,
          null,
          null,
          1,
          8,
          null,
          null,
          1,
          8,
          8,
          null,
          null,
          null,
          1,
          61,
          61,
          null,
          null,
          null,
          1,
          10,
          10,
          null,
          null,
          null,
          1,
          1,
          null,
          null,
          1,
          4,
          null,
          null,
          1,
          4,
          null,
          null,
          1,
          1,
          null
        ]
      },
      "/mnt/c/Users/max/My Drive/Courses/Software Engineering/Project/CGTD/app/models/todo_list.rb": {
        "lines": [
          null,
          null,
          1,
          1,
          1,
          1,
          null
        ]
      },
      "/mnt/c/Users/max/My Drive/Courses/Software Engineering/Project/CGTD/app/controllers/application_controller.rb": {
        "lines": [
          null,
          null,
          1,
          null,
          null,
          null,
          null,
          null,
          null,
          null
        ]
      },
      "/mnt/c/Users/max/My Drive/Courses/Software Engineering/Project/CGTD/app/helpers/application_helper.rb": {
        "lines": [
          null,
          null,
          1,
          null
        ]
      },
      "/mnt/c/Users/max/My Drive/Courses/Software Engineering/Project/CGTD/app/helpers/todo_entries_helper.rb": {
        "lines": [
          null,
          null,
          1,
          1,
          104,
          104,
          0,
          null,
          null,
          104,
          null,
          null
        ]
      },
      "/mnt/c/Users/max/My Drive/Courses/Software Engineering/Project/CGTD/app/helpers/todo_lists_helper.rb": {
        "lines": [
          null,
          null,
          1,
          null
        ]
      },
      "/mnt/c/Users/max/My Drive/Courses/Software Engineering/Project/CGTD/app/controllers/todo_lists_controller.rb": {
        "lines": [
          null,
          null,
          1,
          1,
          null,
          1,
          null,
          82,
          82,
          3,
          3,
          null,
          3,
          null,
          null,
          null,
          82,
          82,
          82,
          null,
          null,
          82,
          82,
          82,
          82,
          82,
          null,
          null,
          82,
          82,
          328,
          null,
          null,
          null,
          82,
          null,
          null,
          1,
          1,
          null,
          null,
          1,
          1,
          1,
          1,
          1,
          1,
          null,
          0,
          null,
          0,
          null,
          null,
          null,
          1,
          2,
          2,
          2,
          1,
          1,
          null,
          1,
          1,
          null,
          null,
          null,
          1,
          3,
          null,
          null,
          1,
          4,
          4,
          4,
          null,
          4,
          1,
          null,
          3,
          null,
          null,
          null,
          1,
          null,
          4,
          4,
          null,
          null,
          1,
          4,
          4,
          null,
          null,
          4,
          2,
          2,
          2,
          1,
          null,
          1,
          null,
          null,
          4,
          null,
          null,
          1,
          null,
          2,
          null,
          null,
          2,
          2,
          null,
          null,
          2,
          null,
          null,
          1,
          3,
          3,
          3,
          3,
          3,
          null,
          null,
          1,
          null,
          1,
          null,
          1,
          1,
          null,
          null,
          1,
          null,
          null,
          1,
          null,
          1,
          93,
          null,
          null,
          1,
          3,
          null,
          null
        ]
      },
      "/mnt/c/Users/max/My Drive/Courses/Software Engineering/Project/CGTD/app/models/todo_entry.rb": {
        "lines": [
          null,
          null,
          1,
          1,
          1,
          null,
          1,
          82,
          null,
          82,
          80,
          80,
          null,
          75,
          null,
          null
        ]
      },
      "/mnt/c/Users/max/My Drive/Courses/Software Engineering/Project/CGTD/app/controllers/todo_entries_controller.rb": {
        "lines": [
          null,
          null,
          1,
          1,
          1,
          null,
          null,
          null,
          null,
          null,
          null,
          null,
          null,
          null,
          1,
          1,
          1,
          null,
          null,
          1,
          3,
          null,
          null,
          1,
          2,
          2,
          2,
          2,
          null,
          null,
          1,
          4,
          null,
          null,
          1,
          3,
          3,
          null,
          3,
          3,
          3,
          null,
          0,
          0,
          0,
          null,
          null,
          null,
          1,
          2,
          2,
          2,
          2,
          null,
          null,
          1,
          2,
          2,
          2,
          2,
          2,
          null,
          null,
          1,
          1,
          1,
          1,
          1,
          1,
          null,
          null,
          1,
          null,
          1,
          null,
          null,
          18,
          null,
          null,
          1,
          5,
          null,
          null
        ]
      }
    },
    "timestamp": 1670170682
  },
  "RSpec": {
    "coverage": {
      "/mnt/c/Users/max/My Drive/Courses/Software Engineering/Project/CGTD/app/models/user.rb": {
        "lines": [
          null,
          null,
          1,
          1,
          null,
          null,
          1,
          null,
          null,
          1,
          4,
          1,
          1,
          1,
          1,
          null,
          3,
          null,
          null,
          null,
          null,
          null
        ]
      },
      "/mnt/c/Users/max/My Drive/Courses/Software Engineering/Project/CGTD/app/models/application_record.rb": {
        "lines": [
          null,
          null,
          1,
          1,
          null
        ]
      },
      "/mnt/c/Users/max/My Drive/Courses/Software Engineering/Project/CGTD/app/helpers/application_helper.rb": {
        "lines": [
          null,
          null,
          1,
          null
        ]
      },
      "/mnt/c/Users/max/My Drive/Courses/Software Engineering/Project/CGTD/app/helpers/todo_entries_helper.rb": {
        "lines": [
          null,
          null,
          1,
          1,
          6,
          6,
          2,
          null,
          null,
          4,
          null,
          null
        ]
      },
      "/mnt/c/Users/max/My Drive/Courses/Software Engineering/Project/CGTD/app/helpers/todo_lists_helper.rb": {
        "lines": [
          null,
          null,
          1,
          null
        ]
      },
      "/mnt/c/Users/max/My Drive/Courses/Software Engineering/Project/CGTD/app/models/todo_entry.rb": {
        "lines": [
          null,
          null,
          1,
          1,
          1,
          null,
          1,
          6,
          null,
          6,
          5,
          4,
          null,
          3,
          null,
          null
        ]
      },
      "/mnt/c/Users/max/My Drive/Courses/Software Engineering/Project/CGTD/app/models/todo_list.rb": {
        "lines": [
          null,
          null,
          1,
          1,
          1,
          1,
          null
        ]
      },
      "/mnt/c/Users/max/My Drive/Courses/Software Engineering/Project/CGTD/app/controllers/todo_entries_controller.rb": {
        "lines": [
          null,
          null,
          1,
          1,
          1,
          null,
          null,
          null,
          null,
          null,
          null,
          null,
          null,
          null,
          1,
          0,
          0,
          null,
          null,
          1,
          0,
          null,
          null,
          1,
          0,
          0,
          0,
          0,
          null,
          null,
          1,
          2,
          null,
          null,
          1,
          1,
          1,
          null,
          1,
          0,
          0,
          null,
          1,
          1,
          1,
          null,
          null,
          null,
          1,
          0,
          0,
          0,
          0,
          null,
          null,
          1,
          0,
          0,
          0,
          0,
          0,
          null,
          null,
          1,
          0,
          0,
          0,
          0,
          0,
          null,
          null,
          1,
          null,
          1,
          null,
          null,
          3,
          null,
          null,
          1,
          1,
          null,
          null
        ]
      },
      "/mnt/c/Users/max/My Drive/Courses/Software Engineering/Project/CGTD/app/controllers/application_controller.rb": {
        "lines": [
          null,
          null,
          1,
          null,
          null,
          null,
          null,
          null,
          null,
          null
        ]
      },
      "/mnt/c/Users/max/My Drive/Courses/Software Engineering/Project/CGTD/app/controllers/todo_lists_controller.rb": {
        "lines": [
          null,
          null,
          1,
          1,
          null,
          1,
          null,
          0,
          0,
          0,
          0,
          null,
          0,
          null,
          null,
          null,
          0,
          0,
          0,
          null,
          null,
          0,
          0,
          0,
          0,
          0,
          null,
          null,
          0,
          0,
          0,
          null,
          null,
          null,
          0,
          null,
          null,
          1,
          2,
          null,
          null,
          1,
          1,
          1,
          0,
          0,
          0,
          null,
          1,
          null,
          1,
          null,
          null,
          null,
          1,
          0,
          0,
          0,
          0,
          0,
          null,
          0,
          0,
          null,
          null,
          null,
          1,
          0,
          null,
          null,
          1,
          0,
          0,
          0,
          null,
          0,
          0,
          null,
          0,
          null,
          null,
          null,
          1,
          null,
          0,
          0,
          null,
          null,
          1,
          0,
          0,
          null,
          null,
          0,
          0,
          0,
          0,
          0,
          null,
          0,
          null,
          null,
          0,
          null,
          null,
          1,
          null,
          0,
          null,
          null,
          0,
          0,
          null,
          null,
          0,
          null,
          null,
          1,
          0,
          0,
          0,
          0,
          0,
          null,
          null,
          1,
          null,
          0,
          null,
          0,
          0,
          null,
          null,
          0,
          null,
          null,
          1,
          null,
          1,
          0,
          null,
          null,
          1,
          1,
          null,
          null
        ]
      }
    },
    "timestamp": 1670170703
  }
}
